-------------------------------------------------------------------------------
Test set: TestSuite
-------------------------------------------------------------------------------
Tests run: 2, Failures: 1, Errors: 0, Skipped: 0, Time elapsed: 1.139 s <<< FAILURE! - in TestSuite
TestCases.TestCaseMain.TestAmazon on TestAmazon(TestCases.TestCaseMain)  Time elapsed: 0.805 s  <<< FAILURE!
java.lang.NullPointerException: Cannot invoke "Operations.home.clickReturns()" because "this.HomePageFuncOBJ" is null
	at TestCases.TestCaseMain.TestAmazon(TestCaseMain.java:25)

