<?xml version="1.0" encoding="UTF-8"?>
<testng-results ignored="0" total="2" passed="2" failed="0" skipped="0">
  <reporter-output>
  </reporter-output>
  <suite started-at="2022-08-04T20:48:03 IST" name="Default suite" finished-at="2022-08-04T20:48:13 IST" duration-ms="10037">
    <groups>
    </groups>
    <test started-at="2022-08-04T20:48:03 IST" name="Default test" finished-at="2022-08-04T20:48:13 IST" duration-ms="10037">
      <class name="TestCases.TestCaseMain">
        <test-method is-config="true" signature="startBrowser()[pri:0, instance:TestCases.TestCaseMain@52719fb6]" started-at="2022-08-04T20:48:03 IST" name="startBrowser" finished-at="2022-08-04T20:48:07 IST" duration-ms="4180" status="PASS">
          <reporter-output>
          </reporter-output>
        </test-method> <!-- startBrowser -->
        <test-method signature="InitiateHomePage()[pri:0, instance:TestCases.TestCaseMain@52719fb6]" started-at="2022-08-04T20:48:07 IST" name="InitiateHomePage" finished-at="2022-08-04T20:48:07 IST" duration-ms="91" status="PASS">
          <reporter-output>
          </reporter-output>
        </test-method> <!-- InitiateHomePage -->
        <test-method signature="TestAmazon()[pri:0, instance:TestCases.TestCaseMain@52719fb6]" started-at="2022-08-04T20:48:07 IST" name="TestAmazon" finished-at="2022-08-04T20:48:12 IST" duration-ms="5300" status="PASS">
          <reporter-output>
          </reporter-output>
        </test-method> <!-- TestAmazon -->
        <test-method is-config="true" signature="closeBrowser()[pri:0, instance:TestCases.TestCaseMain@52719fb6]" started-at="2022-08-04T20:48:12 IST" name="closeBrowser" finished-at="2022-08-04T20:48:13 IST" duration-ms="293" status="PASS">
          <reporter-output>
          </reporter-output>
        </test-method> <!-- closeBrowser -->
      </class> <!-- TestCases.TestCaseMain -->
    </test> <!-- Default test -->
  </suite> <!-- Default suite -->
</testng-results>
