<?xml version="1.0" encoding="UTF-8"?>
<!-- Generated by org.testng.reporters.JUnitXMLReporter -->
<testsuite ignored="0" hostname="NDI-LAP-305" failures="1" tests="2" name="Surefire test" time="0.084" errors="0" timestamp="2022-08-04T16:45:02 IST">
  <testcase classname="TestCases.TestCaseMain" name="TestAmazon on TestAmazon(TestCases.TestCaseMain)" time="0.025">
    <failure type="java.lang.NullPointerException" message="Cannot invoke &amp;quot;Operations.home.clickReturns()&amp;quot; because &amp;quot;this.HomePageFuncOBJ&amp;quot; is null">
      <![CDATA[java.lang.NullPointerException: Cannot invoke "Operations.home.clickReturns()" because "this.HomePageFuncOBJ" is null
at TestCases.TestCaseMain.TestAmazon(TestCaseMain.java:25)
at org.junit.runners.model.FrameworkMethod$1.runReflectiveCall(FrameworkMethod.java:50)
at org.junit.internal.runners.model.ReflectiveCallable.run(ReflectiveCallable.java:12)
at org.junit.runners.model.FrameworkMethod.invokeExplosively(FrameworkMethod.java:47)
at org.junit.internal.runners.statements.InvokeMethod.evaluate(InvokeMethod.java:17)
at org.junit.runners.ParentRunner.runLeaf(ParentRunner.java:325)
at org.junit.runners.BlockJUnit4ClassRunner.runChild(BlockJUnit4ClassRunner.java:78)
at org.junit.runners.BlockJUnit4ClassRunner.runChild(BlockJUnit4ClassRunner.java:57)
at org.junit.runners.ParentRunner$3.run(ParentRunner.java:290)
at org.junit.runners.ParentRunner$1.schedule(ParentRunner.java:71)
at org.junit.runners.ParentRunner.runChildren(ParentRunner.java:288)
at org.junit.runners.ParentRunner.access$000(ParentRunner.java:58)
at org.junit.runners.ParentRunner$2.evaluate(ParentRunner.java:268)
at org.junit.runners.ParentRunner.run(ParentRunner.java:363)
at org.junit.runner.JUnitCore.run(JUnitCore.java:137)
at org.junit.runner.JUnitCore.run(JUnitCore.java:115)
at java.base/java.util.ArrayList.forEach(ArrayList.java:1511)
... Removed 26 stack frames]]>
    </failure>
  </testcase> <!-- TestAmazon on TestAmazon(TestCases.TestCaseMain) -->
  <testcase classname="TestCases.TestCaseMain" name="InitiateHomePage on InitiateHomePage(TestCases.TestCaseMain)" time="0.036"/>
</testsuite> <!-- Surefire test -->
